<?xml version="1.0" encoding="utf-8"?><testsuites><testsuite name="pytest" errors="0" failures="1" skipped="1" tests="3" time="0.375" timestamp="2024-05-25T14:17:06.256550" hostname="DESKTOP-QQU0VR5"><testcase classname="turtlebot_controller.test.test_copyright" name="test_copyright" time="0.001"><skipped type="pytest.skip" message="No copyright header has been placed in the generated source file.">/home/ubuntu/ros2_ws/src/turtlebot_controller/test/test_copyright.py:20: No copyright header has been placed in the generated source file.</skipped></testcase><testcase classname="turtlebot_controller.test.test_flake8" name="test_flake8" time="0.120"><failure message="AssertionError: Found 7 code style errors / warnings:&#10;  ./turtlebot_controller/object_avoidance.py:2:1: F401 'cv2' imported but unused&#10;  ./turtlebot_controller/object_avoidance.py:7:1: F401 'cv_bridge.CvBridge' imported but unused&#10;  ./turtlebot_controller/object_avoidance.py:11:1: E303 too many blank lines (3)&#10;  ./turtlebot_controller/object_avoidance.py:18:35: E231 missing whitespace after ':'&#10;  ./turtlebot_controller/object_avoidance.py:19:9: F841 local variable 'string' is assigned to but never used&#10;  ./turtlebot_controller/object_avoidance.py:28:1: E305 expected 2 blank lines after class or function definition, found 1&#10;  ./turtlebot_controller/object_avoidance.py:29:11: W292 no newline at end of file&#10;assert 1 == 0">test/test_flake8.py:23: in test_flake8
    assert rc == 0, \
E   AssertionError: Found 7 code style errors / warnings:
E     ./turtlebot_controller/object_avoidance.py:2:1: F401 'cv2' imported but unused
E     ./turtlebot_controller/object_avoidance.py:7:1: F401 'cv_bridge.CvBridge' imported but unused
E     ./turtlebot_controller/object_avoidance.py:11:1: E303 too many blank lines (3)
E     ./turtlebot_controller/object_avoidance.py:18:35: E231 missing whitespace after ':'
E     ./turtlebot_controller/object_avoidance.py:19:9: F841 local variable 'string' is assigned to but never used
E     ./turtlebot_controller/object_avoidance.py:28:1: E305 expected 2 blank lines after class or function definition, found 1
E     ./turtlebot_controller/object_avoidance.py:29:11: W292 no newline at end of file
E   assert 1 == 0</failure></testcase><testcase classname="turtlebot_controller.test.test_pep257" name="test_pep257" time="0.030" /></testsuite></testsuites>