[0.000000] (-) TimerEvent: {}
[0.000354] (cv_bridge) JobQueued: {'identifier': 'cv_bridge', 'dependencies': OrderedDict([('cv_bridge', '/home/ubuntu/ros2_ws/install/cv_bridge')])}
[0.000448] (image_geometry) JobQueued: {'identifier': 'image_geometry', 'dependencies': OrderedDict([('image_geometry', '/home/ubuntu/ros2_ws/install/image_geometry')])}
[0.000511] (turtlebot_controller) JobQueued: {'identifier': 'turtlebot_controller', 'dependencies': OrderedDict([('turtlebot_controller', '/home/ubuntu/ros2_ws/install/turtlebot_controller')])}
[0.000588] (opencv_tests) JobQueued: {'identifier': 'opencv_tests', 'dependencies': OrderedDict([('cv_bridge', '/home/ubuntu/ros2_ws/install/cv_bridge'), ('opencv_tests', '/home/ubuntu/ros2_ws/install/opencv_tests')])}
[0.000650] (vision_opencv) JobQueued: {'identifier': 'vision_opencv', 'dependencies': OrderedDict([('cv_bridge', '/home/ubuntu/ros2_ws/install/cv_bridge'), ('image_geometry', '/home/ubuntu/ros2_ws/install/image_geometry'), ('vision_opencv', '/home/ubuntu/ros2_ws/install/vision_opencv')])}
[0.000721] (cv_bridge) JobStarted: {'identifier': 'cv_bridge'}
[0.007219] (cv_bridge) JobEnded: {'identifier': 'cv_bridge', 'rc': 1}
[0.011515] (image_geometry) JobStarted: {'identifier': 'image_geometry'}
[0.017483] (turtlebot_controller) JobStarted: {'identifier': 'turtlebot_controller'}
[0.024778] (opencv_tests) JobStarted: {'identifier': 'opencv_tests'}
[0.032617] (opencv_tests) JobEnded: {'identifier': 'opencv_tests', 'rc': 1}
[0.096460] (image_geometry) JobEnded: {'identifier': 'image_geometry', 'rc': 0}
[0.097440] (vision_opencv) JobStarted: {'identifier': 'vision_opencv'}
[0.098259] (-) TimerEvent: {}
[0.102170] (vision_opencv) StderrLine: {'line': b'Traceback (most recent call last):\n  File "/usr/lib/python3/dist-packages/colcon_core/executor/__init__.py", line 91, in __call__\n    rc = await self.task(*args, **kwargs)\n  File "/usr/lib/python3/dist-packages/colcon_core/task/__init__.py", line 93, in __call__\n    return await task_method(*args, **kwargs)\n  File "/usr/lib/python3/dist-packages/colcon_ros/task/ament_cmake/test.py", line 29, in test\n    return await extension.test()\n  File "/usr/lib/python3/dist-packages/colcon_cmake/task/cmake/test.py", line 45, in test\n    assert os.path.exists(args.build_base), \\\nAssertionError: Has this package been built before?\n'}
[0.103159] (vision_opencv) JobEnded: {'identifier': 'vision_opencv', 'rc': 1}
[0.198467] (-) TimerEvent: {}
[0.298885] (-) TimerEvent: {}
[0.399318] (-) TimerEvent: {}
[0.460942] (turtlebot_controller) Command: {'cmd': ['/usr/bin/python3', '-m', 'pytest'], 'cwd': '/home/ubuntu/ros2_ws/src/turtlebot_controller', 'env': {'LESSOPEN': '| /usr/bin/lesspipe %s', 'USER': 'ubuntu', 'SHLVL': '1', 'LD_LIBRARY_PATH': '/opt/ros/humble/lib/x86_64-linux-gnu:/opt/ros/humble/lib', 'HOME': '/home/ubuntu', 'OLDPWD': '/home/ubuntu', 'ROS_PYTHON_VERSION': '3', 'DBUS_SESSION_BUS_ADDRESS': 'unix:path=/run/user/1000/bus', 'WSL_DISTRO_NAME': 'Ubuntu-22.04', 'WAYLAND_DISPLAY': 'wayland-0', 'COLCON_PREFIX_PATH': '/home/ubuntu/ros2_ws/install', 'ROS_DISTRO': 'humble', 'LOGNAME': 'ubuntu', 'NAME': 'DESKTOP-QQU0VR5', 'WSL_INTEROP': '/run/WSL/11131_interop', 'PULSE_SERVER': 'unix:/mnt/wslg/PulseServer', '_': '/usr/bin/colcon', 'ROS_VERSION': '2', 'TERM': 'xterm-256color', 'ROS_LOCALHOST_ONLY': '0', 'PATH': '/opt/ros/humble/bin:/usr/local/sbin:/usr/local/bin:/usr/sbin:/usr/bin:/sbin:/bin:/usr/games:/usr/local/games:/usr/lib/wsl/lib:/mnt/c/Program Files/WindowsApps/CanonicalGroupLimited.Ubuntu22.04LTS_2204.3.63.0_x64__79rhkp1fndgsc:/mnt/d/Programme/Installiert/Python/Scripts/:/mnt/d/Programme/Installiert/Python/:/mnt/c/Windows/system32:/mnt/c/Windows:/mnt/c/Windows/System32/Wbem:/mnt/c/Windows/System32/WindowsPowerShell/v1.0/:/mnt/c/Windows/System32/OpenSSH/:/mnt/d/Programme/Installiert/MathWorks/runtime/win64:/mnt/d/Programme/Installiert/MathWorks/bin:/mnt/c/Program Files (x86)/NVIDIA Corporation/PhysX/Common:/mnt/c/Users/marku/AppData/Local/Microsoft/WindowsApps:/mnt/c/Users/marku/AppData/Local/Programs/Microsoft VS Code/bin:/snap/bin', 'XDG_RUNTIME_DIR': '/run/user/1000/', 'DISPLAY': ':0', 'LANG': 'en_US.UTF-8', 'LS_COLORS': 'rs=0:di=01;34:ln=01;36:mh=00:pi=40;33:so=01;35:do=01;35:bd=40;33;01:cd=40;33;01:or=40;31;01:mi=00:su=37;41:sg=30;43:ca=30;41:tw=30;42:ow=34;42:st=37;44:ex=01;32:*.tar=01;31:*.tgz=01;31:*.arc=01;31:*.arj=01;31:*.taz=01;31:*.lha=01;31:*.lz4=01;31:*.lzh=01;31:*.lzma=01;31:*.tlz=01;31:*.txz=01;31:*.tzo=01;31:*.t7z=01;31:*.zip=01;31:*.z=01;31:*.dz=01;31:*.gz=01;31:*.lrz=01;31:*.lz=01;31:*.lzo=01;31:*.xz=01;31:*.zst=01;31:*.tzst=01;31:*.bz2=01;31:*.bz=01;31:*.tbz=01;31:*.tbz2=01;31:*.tz=01;31:*.deb=01;31:*.rpm=01;31:*.jar=01;31:*.war=01;31:*.ear=01;31:*.sar=01;31:*.rar=01;31:*.alz=01;31:*.ace=01;31:*.zoo=01;31:*.cpio=01;31:*.7z=01;31:*.rz=01;31:*.cab=01;31:*.wim=01;31:*.swm=01;31:*.dwm=01;31:*.esd=01;31:*.jpg=01;35:*.jpeg=01;35:*.mjpg=01;35:*.mjpeg=01;35:*.gif=01;35:*.bmp=01;35:*.pbm=01;35:*.pgm=01;35:*.ppm=01;35:*.tga=01;35:*.xbm=01;35:*.xpm=01;35:*.tif=01;35:*.tiff=01;35:*.png=01;35:*.svg=01;35:*.svgz=01;35:*.mng=01;35:*.pcx=01;35:*.mov=01;35:*.mpg=01;35:*.mpeg=01;35:*.m2v=01;35:*.mkv=01;35:*.webm=01;35:*.webp=01;35:*.ogm=01;35:*.mp4=01;35:*.m4v=01;35:*.mp4v=01;35:*.vob=01;35:*.qt=01;35:*.nuv=01;35:*.wmv=01;35:*.asf=01;35:*.rm=01;35:*.rmvb=01;35:*.flc=01;35:*.avi=01;35:*.fli=01;35:*.flv=01;35:*.gl=01;35:*.dl=01;35:*.xcf=01;35:*.xwd=01;35:*.yuv=01;35:*.cgm=01;35:*.emf=01;35:*.ogv=01;35:*.ogx=01;35:*.aac=00;36:*.au=00;36:*.flac=00;36:*.m4a=00;36:*.mid=00;36:*.midi=00;36:*.mka=00;36:*.mp3=00;36:*.mpc=00;36:*.ogg=00;36:*.ra=00;36:*.wav=00;36:*.oga=00;36:*.opus=00;36:*.spx=00;36:*.xspf=00;36:', 'ROS_DOMAIN_ID': '12', 'AMENT_PREFIX_PATH': '/home/ubuntu/ros2_ws/install/turtlebot_controller:/opt/ros/humble', 'SHELL': '/bin/bash', 'LESSCLOSE': '/usr/bin/lesspipe %s %s', 'PWD': '/home/ubuntu/ros2_ws/build/turtlebot_controller', 'XDG_DATA_DIRS': '/usr/local/share:/usr/share:/var/lib/snapd/desktop', 'PYTHONPATH': '/home/ubuntu/ros2_ws/install/turtlebot_controller/lib/python3.10/site-packages:/home/ubuntu/ros2_ws/build/turtlebot_controller:/opt/ros/humble/lib/python3.10/site-packages:/opt/ros/humble/local/lib/python3.10/dist-packages', 'COLCON': '1', 'WSL2_GUI_APPS_ENABLED': '1', 'HOSTTYPE': 'x86_64', 'WSLENV': '', 'PYTHONDONTWRITEBYTECODE': '1', 'PYTEST_ADDOPTS': '--tb=short --junit-xml=/home/ubuntu/ros2_ws/build/turtlebot_controller/pytest.xml --junit-prefix=turtlebot_controller -o cache_dir=/home/ubuntu/ros2_ws/build/turtlebot_controller/.pytest_cache'}, 'shell': False}
[0.499476] (-) TimerEvent: {}
[0.599930] (-) TimerEvent: {}
[0.700394] (-) TimerEvent: {}
[0.800868] (-) TimerEvent: {}
[0.901374] (-) TimerEvent: {}
[0.983948] (turtlebot_controller) StdoutLine: {'line': b'\x1b[1m============================= test session starts ==============================\x1b[0m\n'}
[0.984178] (turtlebot_controller) StdoutLine: {'line': b'platform linux -- Python 3.10.12, pytest-6.2.5, py-1.10.0, pluggy-0.13.0\n'}
[0.989267] (turtlebot_controller) StdoutLine: {'line': b'cachedir: /home/ubuntu/ros2_ws/build/turtlebot_controller/.pytest_cache\n'}
[0.989525] (turtlebot_controller) StdoutLine: {'line': b'rootdir: /home/ubuntu/ros2_ws/src/turtlebot_controller\n'}
[0.989622] (turtlebot_controller) StdoutLine: {'line': b'plugins: ament-flake8-0.12.11, ament-xmllint-0.12.11, launch-testing-1.0.6, ament-pep257-0.12.11, ament-lint-0.12.11, launch-testing-ros-0.19.7, ament-copyright-0.12.11, colcon-core-0.16.1, cov-3.0.0\n'}
[1.001573] (-) TimerEvent: {}
[1.102025] (-) TimerEvent: {}
[1.154383] (turtlebot_controller) StdoutLine: {'line': b'\x1b[1mcollecting ... \x1b[0m\x1b[1m\n'}
[1.154582] (turtlebot_controller) StdoutLine: {'line': b'collected 3 items                                                              \x1b[0m\n'}
[1.154862] (turtlebot_controller) StdoutLine: {'line': b'\n'}
[1.164187] (turtlebot_controller) StdoutLine: {'line': b'test/test_copyright.py \x1b[33ms\x1b[0m\x1b[32m                                                 [ 33%]\x1b[0m\n'}
[1.202183] (-) TimerEvent: {}
[1.302651] (-) TimerEvent: {}
[1.322511] (turtlebot_controller) StdoutLine: {'line': b'test/test_flake8.py \x1b[31mF\x1b[0m\x1b[31m                                                    [ 66%]\x1b[0m\n'}
[1.356605] (turtlebot_controller) StdoutLine: {'line': b'test/test_pep257.py \x1b[32m.\x1b[0m\x1b[31m                                                    [100%]\x1b[0m\n'}
[1.357152] (turtlebot_controller) StdoutLine: {'line': b'\n'}
[1.357476] (turtlebot_controller) StdoutLine: {'line': b'=================================== FAILURES ===================================\n'}
[1.358285] (turtlebot_controller) StdoutLine: {'line': b'\x1b[31m\x1b[1m_________________________________ test_flake8 __________________________________\x1b[0m\n'}
[1.359490] (turtlebot_controller) StdoutLine: {'line': b'\x1b[1m\x1b[31mtest/test_flake8.py\x1b[0m:23: in test_flake8\n'}
[1.402823] (-) TimerEvent: {}
[1.422847] (turtlebot_controller) StdoutLine: {'line': b'    \x1b[94massert\x1b[39;49;00m rc == \x1b[94m0\x1b[39;49;00m, \\\n'}
[1.423711] (turtlebot_controller) StdoutLine: {'line': b'\x1b[1m\x1b[31mE   AssertionError: Found 7 code style errors / warnings:\x1b[0m\n'}
[1.424289] (turtlebot_controller) StdoutLine: {'line': b"\x1b[1m\x1b[31mE     ./turtlebot_controller/object_avoidance.py:2:1: F401 'cv2' imported but unused\x1b[0m\n"}
[1.425158] (turtlebot_controller) StdoutLine: {'line': b"\x1b[1m\x1b[31mE     ./turtlebot_controller/object_avoidance.py:7:1: F401 'cv_bridge.CvBridge' imported but unused\x1b[0m\n"}
[1.426300] (turtlebot_controller) StdoutLine: {'line': b'\x1b[1m\x1b[31mE     ./turtlebot_controller/object_avoidance.py:11:1: E303 too many blank lines (3)\x1b[0m\n'}
[1.426420] (turtlebot_controller) StdoutLine: {'line': b"\x1b[1m\x1b[31mE     ./turtlebot_controller/object_avoidance.py:18:35: E231 missing whitespace after ':'\x1b[0m\n"}
[1.426497] (turtlebot_controller) StdoutLine: {'line': b"\x1b[1m\x1b[31mE     ./turtlebot_controller/object_avoidance.py:19:9: F841 local variable 'string' is assigned to but never used\x1b[0m\n"}
[1.426617] (turtlebot_controller) StdoutLine: {'line': b'\x1b[1m\x1b[31mE     ./turtlebot_controller/object_avoidance.py:28:1: E305 expected 2 blank lines after class or function definition, found 1\x1b[0m\n'}
[1.426696] (turtlebot_controller) StdoutLine: {'line': b'\x1b[1m\x1b[31mE     ./turtlebot_controller/object_avoidance.py:29:11: W292 no newline at end of file\x1b[0m\n'}
[1.426769] (turtlebot_controller) StdoutLine: {'line': b'\x1b[1m\x1b[31mE   assert 1 == 0\x1b[0m\n'}
[1.426841] (turtlebot_controller) StdoutLine: {'line': b'----------------------------- Captured stdout call -----------------------------\n'}
[1.426915] (turtlebot_controller) StdoutLine: {'line': b'\n'}
[1.426986] (turtlebot_controller) StdoutLine: {'line': b"./turtlebot_controller/object_avoidance.py:2:1: F401 'cv2' imported but unused\n"}
[1.427057] (turtlebot_controller) StdoutLine: {'line': b'import cv2\n'}
[1.427125] (turtlebot_controller) StdoutLine: {'line': b'^\n'}
[1.427194] (turtlebot_controller) StdoutLine: {'line': b'\n'}
[1.427262] (turtlebot_controller) StdoutLine: {'line': b"./turtlebot_controller/object_avoidance.py:7:1: F401 'cv_bridge.CvBridge' imported but unused\n"}
[1.427332] (turtlebot_controller) StdoutLine: {'line': b'from cv_bridge import CvBridge\n'}
[1.427401] (turtlebot_controller) StdoutLine: {'line': b'^\n'}
[1.427471] (turtlebot_controller) StdoutLine: {'line': b'\n'}
[1.427581] (turtlebot_controller) StdoutLine: {'line': b'./turtlebot_controller/object_avoidance.py:11:1: E303 too many blank lines (3)\n'}
[1.427690] (turtlebot_controller) StdoutLine: {'line': b'class ObjectAvoidance(Node):\n'}
[1.427766] (turtlebot_controller) StdoutLine: {'line': b'^\n'}
[1.427837] (turtlebot_controller) StdoutLine: {'line': b'\n'}
[1.427909] (turtlebot_controller) StdoutLine: {'line': b"./turtlebot_controller/object_avoidance.py:18:35: E231 missing whitespace after ':'\n"}
[1.427982] (turtlebot_controller) StdoutLine: {'line': b'    def preprocess_image(self, img:Image):\n'}
[1.428054] (turtlebot_controller) StdoutLine: {'line': b'                                  ^\n'}
[1.428124] (turtlebot_controller) StdoutLine: {'line': b'\n'}
[1.428312] (turtlebot_controller) StdoutLine: {'line': b"./turtlebot_controller/object_avoidance.py:19:9: F841 local variable 'string' is assigned to but never used\n"}
[1.428393] (turtlebot_controller) StdoutLine: {'line': b'        string = ""\n'}
[1.428467] (turtlebot_controller) StdoutLine: {'line': b'        ^\n'}
[1.428583] (turtlebot_controller) StdoutLine: {'line': b'\n'}
[1.428664] (turtlebot_controller) StdoutLine: {'line': b'./turtlebot_controller/object_avoidance.py:28:1: E305 expected 2 blank lines after class or function definition, found 1\n'}
[1.428739] (turtlebot_controller) StdoutLine: {'line': b"if __name__ == '__main__':\n"}
[1.428811] (turtlebot_controller) StdoutLine: {'line': b'^\n'}
[1.428880] (turtlebot_controller) StdoutLine: {'line': b'\n'}
[1.428950] (turtlebot_controller) StdoutLine: {'line': b'./turtlebot_controller/object_avoidance.py:29:11: W292 no newline at end of file\n'}
[1.429025] (turtlebot_controller) StdoutLine: {'line': b'    main()          ^\n'}
[1.429096] (turtlebot_controller) StdoutLine: {'line': b'\n'}
[1.429167] (turtlebot_controller) StdoutLine: {'line': b"1     E231 missing whitespace after ':'\n"}
[1.429249] (turtlebot_controller) StdoutLine: {'line': b'1     E303 too many blank lines (3)\n'}
[1.429323] (turtlebot_controller) StdoutLine: {'line': b'1     E305 expected 2 blank lines after class or function definition, found 1\n'}
[1.429394] (turtlebot_controller) StdoutLine: {'line': b"2     F401 'cv2' imported but unused\n"}
[1.429465] (turtlebot_controller) StdoutLine: {'line': b"1     F841 local variable 'string' is assigned to but never used\n"}
[1.429578] (turtlebot_controller) StdoutLine: {'line': b'1     W292 no newline at end of file\n'}
[1.429660] (turtlebot_controller) StdoutLine: {'line': b'\n'}
[1.429733] (turtlebot_controller) StdoutLine: {'line': b'6 files checked\n'}
[1.429864] (turtlebot_controller) StdoutLine: {'line': b'7 errors\n'}
[1.429963] (turtlebot_controller) StdoutLine: {'line': b'\n'}
[1.430037] (turtlebot_controller) StdoutLine: {'line': b"'E'-type errors: 3\n"}
[1.430109] (turtlebot_controller) StdoutLine: {'line': b"'F'-type errors: 3\n"}
[1.430180] (turtlebot_controller) StdoutLine: {'line': b"'W'-type errors: 1\n"}
[1.430250] (turtlebot_controller) StdoutLine: {'line': b'\n'}
[1.430320] (turtlebot_controller) StdoutLine: {'line': b'Checked files:\n'}
[1.430390] (turtlebot_controller) StdoutLine: {'line': b'\n'}
[1.430462] (turtlebot_controller) StdoutLine: {'line': b'* ./setup.py\n'}
[1.430630] (turtlebot_controller) StdoutLine: {'line': b'* ./test/test_pep257.py\n'}
[1.430712] (turtlebot_controller) StdoutLine: {'line': b'* ./test/test_copyright.py\n'}
[1.430876] (turtlebot_controller) StdoutLine: {'line': b'* ./test/test_flake8.py\n'}
[1.430961] (turtlebot_controller) StdoutLine: {'line': b'* ./turtlebot_controller/__init__.py\n'}
[1.431033] (turtlebot_controller) StdoutLine: {'line': b'* ./turtlebot_controller/object_avoidance.py\n'}
[1.431105] (turtlebot_controller) StdoutLine: {'line': b'----------------------------- Captured stderr call -----------------------------\n'}
[1.431177] (turtlebot_controller) StdoutLine: {'line': b'option --max-complexity: please update from optparse string `type=` to argparse callable `type=` -- this will be an error in the future\n'}
[1.431249] (turtlebot_controller) StderrLine: {'line': b'\x1b[33m=============================== warnings summary ===============================\x1b[0m\n'}
[1.431351] (turtlebot_controller) StderrLine: {'line': b'test/test_flake8.py::test_flake8\n'}
[1.431422] (turtlebot_controller) StderrLine: {'line': b'test/test_flake8.py::test_flake8\n'}
[1.431490] (turtlebot_controller) StderrLine: {'line': b'  Warning: SelectableGroups dict interface is deprecated. Use select.\n'}
[1.431610] (turtlebot_controller) StderrLine: {'line': b'\n'}
[1.431725] (turtlebot_controller) StderrLine: {'line': b'-- Docs: https://docs.pytest.org/en/stable/warnings.html\n'}
[1.431806] (turtlebot_controller) StdoutLine: {'line': b'- generated xml file: /home/ubuntu/ros2_ws/build/turtlebot_controller/pytest.xml -\n'}
[1.431902] (turtlebot_controller) StdoutLine: {'line': b'=========================== short test summary info ============================\n'}
[1.431978] (turtlebot_controller) StdoutLine: {'line': b'FAILED test/test_flake8.py::test_flake8 - AssertionError: Found 7 code style ...\n'}
[1.432097] (turtlebot_controller) StdoutLine: {'line': b'\x1b[31m============== \x1b[31m\x1b[1m1 failed\x1b[0m, \x1b[32m1 passed\x1b[0m, \x1b[33m1 skipped\x1b[0m, \x1b[33m2 warnings\x1b[0m\x1b[31m in 0.44s\x1b[0m\x1b[31m ==============\x1b[0m\n'}
[1.502992] (-) TimerEvent: {}
[1.575369] (turtlebot_controller) CommandEnded: {'returncode': 1}
[1.575965] (turtlebot_controller) TestFailure: {'identifier': 'turtlebot_controller'}
[1.576006] (turtlebot_controller) JobEnded: {'identifier': 'turtlebot_controller', 'rc': 0}
[1.586373] (-) EventReactorShutdown: {}
